<?xml version="1.0" encoding="UTF-8"?>
<!-- Generated by org.testng.reporters.JUnitReportReporter -->
<testsuite hostname="DESKTOP-UIVDGU4" failures="0" tests="1" name="Testngprogram.example2" time="30.560" errors="0" timestamp="2023-04-21T13:35:48 IST" skipped="0">
  <testcase classname="Testngprogram.example2" name="compare" time="30.560"/>
  <system-out/>
</testsuite> <!-- Testngprogram.example2 -->
