<?xml version="1.0" encoding="UTF-8"?>
<!-- Generated by org.testng.reporters.JUnitReportReporter -->
<testsuite hostname="DESKTOP-UIVDGU4" failures="0" tests="3" name="Testngprogram.program3" time="0.009" errors="0" timestamp="2023-03-23T18:27:47 IST" skipped="0">
  <testcase classname="Testngprogram.program3" name="Dhoni" time="0.007"/>
  <system-out>
    <![CDATA[Best captain ever in History]]>
  </system-out>
  <testcase classname="Testngprogram.program3" name="sehwag" time="0.001"/>
  <system-out>
    <![CDATA[Dangerous opener]]>
  </system-out>
  <testcase classname="Testngprogram.program3" name="Ashwin" time="0.001"/>
  <system-out>
    <![CDATA[offspinner mankanding]]>
  </system-out>
</testsuite> <!-- Testngprogram.program3 -->
