<?xml version="1.0" encoding="UTF-8"?>
<!-- Generated by org.testng.reporters.JUnitReportReporter -->
<testsuite hostname="DESKTOP-UIVDGU4" failures="0" tests="2" name="Testngprogram.program2" time="0.009" errors="0" timestamp="2023-03-17T15:50:59 IST" skipped="0">
  <testcase classname="Testngprogram.program2" name="Dhoni" time="0.008"/>
  <system-out>
    <![CDATA[Best captain ever in History]]>
  </system-out>
  <testcase classname="Testngprogram.program2" name="Shewag" time="0.001"/>
  <system-out>
    <![CDATA[Dangerous opener]]>
  </system-out>
</testsuite> <!-- Testngprogram.program2 -->
