<?xml version="1.0" encoding="UTF-8"?>
<!-- Generated by org.testng.reporters.JUnitReportReporter -->
<testsuite hostname="DESKTOP-UIVDGU4" failures="0" tests="3" name="Testngprogram.example1" time="0.009" errors="0" timestamp="2023-04-21T11:47:10 IST" skipped="0">
  <testcase classname="Testngprogram.example1" name="madhu" time="0.006"/>
  <system-out>
    <![CDATA[nice]]>
  </system-out>
  <testcase classname="Testngprogram.example1" name="pihu" time="0.001"/>
  <system-out>
    <![CDATA[nice]]>
  </system-out>
  <testcase classname="Testngprogram.example1" name="priyanka" time="0.002"/>
  <system-out>
    <![CDATA[nice]]>
  </system-out>
</testsuite> <!-- Testngprogram.example1 -->
