<?xml version="1.0" encoding="UTF-8"?>
<!-- Generated by org.testng.reporters.JUnitReportReporter -->
<testsuite hostname="DESKTOP-UIVDGU4" failures="0" tests="3" name="Testngprogram.program1" time="0.021" errors="0" timestamp="2023-03-19T17:09:13 IST" skipped="0">
  <testcase classname="Testngprogram.program1" name="Dhoni" time="0.018"/>
  <system-out>
    <![CDATA[Best captain ever in History]]>
  </system-out>
  <testcase classname="Testngprogram.program1" name="sehwag" time="0.001"/>
  <system-out>
    <![CDATA[Dangerous opener]]>
  </system-out>
  <testcase classname="Testngprogram.program1" name="Ashwin" time="0.002"/>
  <system-out>
    <![CDATA[offspinner mankanding]]>
  </system-out>
</testsuite> <!-- Testngprogram.program1 -->
