<?xml version="1.0" encoding="UTF-8"?>
<!-- Generated by org.testng.reporters.JUnitReportReporter -->
<testsuite hostname="DESKTOP-UIVDGU4" failures="0" tests="3" name="Testngprogram.chiku" time="0.007" errors="0" timestamp="2023-03-19T17:11:44 IST" skipped="2">
  <testcase classname="Testngprogram.chiku" name="Dhoni" time="0.007"/>
  <system-out>
    <![CDATA[Best captain ever in History]]>
  </system-out>
  <testcase classname="Testngprogram.chiku" name="Ashwin">
    <skipped/>
  </testcase> <!-- Ashwin -->
  <system-out/>
  <testcase classname="Testngprogram.chiku" name="sehwag">
    <skipped/>
  </testcase> <!-- sehwag -->
  <system-out/>
</testsuite> <!-- Testngprogram.chiku -->
